0 info it worked if it ends with ok
1 verbose cli [ '/usr/bin/nodejs',
1 verbose cli   '/usr/bin/npm',
1 verbose cli   'install',
1 verbose cli   '--save',
1 verbose cli   'express',
1 verbose cli   '-g' ]
2 info using npm@1.3.10
3 info using node@v0.10.25
4 verbose cache add [ 'express', null ]
5 verbose cache add name=undefined spec="express" args=["express",null]
6 verbose parsed url { protocol: null,
6 verbose parsed url   slashes: null,
6 verbose parsed url   auth: null,
6 verbose parsed url   host: null,
6 verbose parsed url   port: null,
6 verbose parsed url   hostname: null,
6 verbose parsed url   hash: null,
6 verbose parsed url   search: null,
6 verbose parsed url   query: null,
6 verbose parsed url   pathname: 'express',
6 verbose parsed url   path: 'express',
6 verbose parsed url   href: 'express' }
7 silly lockFile f3c62de4-express express
8 verbose lock express /home/erdem/.npm/f3c62de4-express.lock
9 silly lockFile f3c62de4-express express
10 silly lockFile f3c62de4-express express
11 verbose addNamed [ 'express', '' ]
12 verbose addNamed [ null, '*' ]
13 silly lockFile 64a534c1-express express@
14 verbose lock express@ /home/erdem/.npm/64a534c1-express.lock
15 silly addNameRange { name: 'express', range: '*', hasData: false }
16 verbose url raw express
17 verbose url resolving [ 'https://registry.npmjs.org/', './express' ]
18 verbose url resolved https://registry.npmjs.org/express
19 info trying registry request attempt 1 at 23:12:12
20 verbose etag "59b17490-8ecec"
21 http GET https://registry.npmjs.org/express
22 http 304 https://registry.npmjs.org/express
23 silly registry.get cb [ 304,
23 silly registry.get   { date: 'Fri, 08 Sep 2017 03:12:12 GMT',
23 silly registry.get     via: '1.1 varnish',
23 silly registry.get     'cache-control': 'max-age=300',
23 silly registry.get     etag: '"59b17490-8ecec"',
23 silly registry.get     age: '17',
23 silly registry.get     connection: 'keep-alive',
23 silly registry.get     'x-served-by': 'cache-bos8220-BOS',
23 silly registry.get     'x-cache': 'HIT',
23 silly registry.get     'x-cache-hits': '1',
23 silly registry.get     'x-timer': 'S1504840332.229064,VS0,VE1',
23 silly registry.get     vary: 'Accept-Encoding, Accept' } ]
24 verbose etag express from cache
25 silly addNameRange number 2 { name: 'express', range: '*', hasData: true }
26 silly addNameRange versions [ 'express',
26 silly addNameRange   [ '0.14.0',
26 silly addNameRange     '0.14.1',
26 silly addNameRange     '1.0.0',
26 silly addNameRange     '1.0.1',
26 silly addNameRange     '1.0.2',
26 silly addNameRange     '1.0.3',
26 silly addNameRange     '1.0.4',
26 silly addNameRange     '1.0.5',
26 silly addNameRange     '1.0.6',
26 silly addNameRange     '1.0.7',
26 silly addNameRange     '1.0.8',
26 silly addNameRange     '2.0.0',
26 silly addNameRange     '2.1.0',
26 silly addNameRange     '2.1.1',
26 silly addNameRange     '2.2.0',
26 silly addNameRange     '2.2.1',
26 silly addNameRange     '2.2.2',
26 silly addNameRange     '2.3.0',
26 silly addNameRange     '2.3.1',
26 silly addNameRange     '2.3.2',
26 silly addNameRange     '2.3.3',
26 silly addNameRange     '2.3.4',
26 silly addNameRange     '2.3.5',
26 silly addNameRange     '2.3.6',
26 silly addNameRange     '2.3.7',
26 silly addNameRange     '2.3.8',
26 silly addNameRange     '2.3.9',
26 silly addNameRange     '2.3.10',
26 silly addNameRange     '2.3.11',
26 silly addNameRange     '2.3.12',
26 silly addNameRange     '2.4.0',
26 silly addNameRange     '2.4.1',
26 silly addNameRange     '2.4.2',
26 silly addNameRange     '2.4.3',
26 silly addNameRange     '2.4.4',
26 silly addNameRange     '2.4.5',
26 silly addNameRange     '2.4.6',
26 silly addNameRange     '2.4.7',
26 silly addNameRange     '2.5.0',
26 silly addNameRange     '2.5.1',
26 silly addNameRange     '2.5.2',
26 silly addNameRange     '2.5.3',
26 silly addNameRange     '2.5.4',
26 silly addNameRange     '2.5.5',
26 silly addNameRange     '2.5.6',
26 silly addNameRange     '2.5.7',
26 silly addNameRange     '2.5.8',
26 silly addNameRange     '2.5.9',
26 silly addNameRange     '2.5.10',
26 silly addNameRange     '2.5.11',
26 silly addNameRange     '3.0.0',
26 silly addNameRange     '3.0.1',
26 silly addNameRange     '3.0.2',
26 silly addNameRange     '3.0.3',
26 silly addNameRange     '3.0.4',
26 silly addNameRange     '3.0.5',
26 silly addNameRange     '3.0.6',
26 silly addNameRange     '3.1.0',
26 silly addNameRange     '3.1.1',
26 silly addNameRange     '3.1.2',
26 silly addNameRange     '3.2.0',
26 silly addNameRange     '3.2.1',
26 silly addNameRange     '3.2.2',
26 silly addNameRange     '3.2.3',
26 silly addNameRange     '3.2.4',
26 silly addNameRange     '3.2.5',
26 silly addNameRange     '3.2.6',
26 silly addNameRange     '3.3.0',
26 silly addNameRange     '3.3.1',
26 silly addNameRange     '3.3.2',
26 silly addNameRange     '3.3.3',
26 silly addNameRange     '3.3.4',
26 silly addNameRange     '3.3.5',
26 silly addNameRange     '3.3.6',
26 silly addNameRange     '1.0.0-beta',
26 silly addNameRange     '1.0.0-beta2',
26 silly addNameRange     '1.0.0-rc',
26 silly addNameRange     '1.0.0-rc2',
26 silly addNameRange     '1.0.0-rc3',
26 silly addNameRange     '1.0.0-rc4',
26 silly addNameRange     '2.0.0-beta',
26 silly addNameRange     '2.0.0-beta2',
26 silly addNameRange     '2.0.0-beta3',
26 silly addNameRange     '2.0.0-rc',
26 silly addNameRange     '2.0.0-rc2',
26 silly addNameRange     '2.0.0-rc3',
26 silly addNameRange     '3.0.0-alpha1',
26 silly addNameRange     '3.0.0-alpha2',
26 silly addNameRange     '3.0.0-alpha3',
26 silly addNameRange     '3.0.0-alpha4',
26 silly addNameRange     '3.0.0-alpha5',
26 silly addNameRange     '3.0.0-beta1',
26 silly addNameRange     '3.0.0-beta2',
26 silly addNameRange     '3.0.0-beta3',
26 silly addNameRange     '3.0.0-beta4',
26 silly addNameRange     '3.0.0-beta6',
26 silly addNameRange     '3.0.0-beta7',
26 silly addNameRange     '3.0.0-rc1',
26 silly addNameRange     '3.0.0-rc2',
26 silly addNameRange     '3.0.0-rc3',
26 silly addNameRange     '3.0.0-rc4',
26 silly addNameRange     '3.0.0-rc5',
26 silly addNameRange     '3.3.7',
26 silly addNameRange     '3.3.8',
26 silly addNameRange     '3.4.0',
26 silly addNameRange     '3.4.1',
26 silly addNameRange     '3.4.2',
26 silly addNameRange     '3.4.3',
26 silly addNameRange     '3.4.4',
26 silly addNameRange     '3.4.5',
26 silly addNameRange     '3.4.6',
26 silly addNameRange     '3.4.7',
26 silly addNameRange     '3.4.8',
26 silly addNameRange     '4.0.0-rc1',
26 silly addNameRange     '4.0.0-rc2',
26 silly addNameRange     '3.5.0',
26 silly addNameRange     '4.0.0-rc3',
26 silly addNameRange     '4.0.0-rc4',
26 silly addNameRange     '3.5.1',
26 silly addNameRange     '4.0.0',
26 silly addNameRange     '3.5.2',
26 silly addNameRange     '4.1.0',
26 silly addNameRange     '4.1.1',
26 silly addNameRange     '3.5.3',
26 silly addNameRange     '4.1.2',
26 silly addNameRange     '3.6.0',
26 silly addNameRange     '4.2.0',
26 silly addNameRange     '3.7.0',
26 silly addNameRange     '3.8.0',
26 silly addNameRange     '4.3.0',
26 silly addNameRange     '4.3.1',
26 silly addNameRange     '3.8.1',
26 silly addNameRange     '4.3.2',
26 silly addNameRange     '3.9.0',
26 silly addNameRange     '4.4.0',
26 silly addNameRange     '4.4.1',
26 silly addNameRange     '3.10.0',
26 silly addNameRange     '3.10.1',
26 silly addNameRange     '3.10.2',
26 silly addNameRange     '3.10.3',
26 silly addNameRange     '3.10.4',
26 silly addNameRange     '4.4.2',
26 silly addNameRange     '3.10.5',
26 silly addNameRange     '4.4.3',
26 silly addNameRange     '3.11.0',
26 silly addNameRange     '4.4.4',
26 silly addNameRange     '3.12.0',
26 silly addNameRange     '3.12.1',
26 silly addNameRange     '4.4.5',
26 silly addNameRange     '3.13.0',
26 silly addNameRange     '4.5.0',
26 silly addNameRange     '4.5.1',
26 silly addNameRange     '3.14.0',
26 silly addNameRange     '4.6.0',
26 silly addNameRange     '4.6.1',
26 silly addNameRange     '3.15.0',
26 silly addNameRange     '4.7.0',
26 silly addNameRange     '3.15.1',
26 silly addNameRange     '4.7.1',
26 silly addNameRange     '3.15.2',
26 silly addNameRange     '4.7.2',
26 silly addNameRange     '4.7.3',
26 silly addNameRange     '3.15.3',
26 silly addNameRange     '4.7.4',
26 silly addNameRange     '3.16.0',
26 silly addNameRange     '4.8.0',
26 silly addNameRange     '3.16.1',
26 silly addNameRange     '4.8.1',
26 silly addNameRange     '3.16.2',
26 silly addNameRange     '4.8.2',
26 silly addNameRange     '3.16.3',
26 silly addNameRange     '3.16.4',
26 silly addNameRange     '4.8.3',
26 silly addNameRange     '3.16.5',
26 silly addNameRange     '3.16.6',
26 silly addNameRange     '4.8.4',
26 silly addNameRange     '3.16.7',
26 silly addNameRange     '4.8.5',
26 silly addNameRange     '3.16.8',
26 silly addNameRange     '4.8.6',
26 silly addNameRange     '3.16.9',
26 silly addNameRange     '4.8.7',
26 silly addNameRange     '3.16.10',
26 silly addNameRange     '4.8.8',
26 silly addNameRange     '3.17.0',
26 silly addNameRange     '3.17.1',
26 silly addNameRange     '4.9.0',
26 silly addNameRange     '3.17.2',
26 silly addNameRange     '4.9.1',
26 silly addNameRange     '4.9.2',
26 silly addNameRange     '3.17.3',
26 silly addNameRange     '4.9.3',
26 silly addNameRange     '3.17.4',
26 silly addNameRange     '4.9.4',
26 silly addNameRange     '3.17.5',
26 silly addNameRange     '4.9.5',
26 silly addNameRange     '3.17.6',
26 silly addNameRange     '3.17.7',
26 silly addNameRange     '4.9.6',
26 silly addNameRange     '4.9.7',
26 silly addNameRange     '3.17.8',
26 silly addNameRange     '4.9.8',
26 silly addNameRange     '3.18.0',
26 silly addNameRange     '3.18.1',
26 silly addNameRange     '4.10.0',
26 silly addNameRange     '3.18.2',
26 silly addNameRange     '4.10.1',
26 silly addNameRange     '5.0.0-alpha.1',
26 silly addNameRange     '3.18.3',
26 silly addNameRange     '4.10.2',
26 silly addNameRange     '3.18.4',
26 silly addNameRange     '4.10.3',
26 silly addNameRange     '4.10.4',
26 silly addNameRange     '4.10.5',
26 silly addNameRange     '3.18.5',
26 silly addNameRange     '3.18.6',
26 silly addNameRange     '4.10.6',
26 silly addNameRange     '4.10.7',
26 silly addNameRange     '3.19.0',
26 silly addNameRange     '4.10.8',
26 silly addNameRange     '4.11.0',
26 silly addNameRange     '3.19.1',
26 silly addNameRange     '4.11.1',
26 silly addNameRange     '3.19.2',
26 silly addNameRange     '4.11.2',
26 silly addNameRange     '3.20.0',
26 silly addNameRange     '4.12.0',
26 silly addNameRange     '3.20.1',
26 silly addNameRange     '4.12.1',
26 silly addNameRange     '4.12.2',
26 silly addNameRange     '3.20.2',
26 silly addNameRange     '4.12.3',
26 silly addNameRange     '3.20.3',
26 silly addNameRange     '4.12.4',
26 silly addNameRange     '3.21.0',
26 silly addNameRange     '4.13.0',
26 silly addNameRange     '3.21.1',
26 silly addNameRange     '4.13.1',
26 silly addNameRange     '5.0.0-alpha.2',
26 silly addNameRange     '3.21.2',
26 silly addNameRange     '4.13.2',
26 silly addNameRange     '4.13.3',
26 silly addNameRange     '4.13.4',
26 silly addNameRange     '4.14.0',
26 silly addNameRange     '4.14.1',
26 silly addNameRange     '5.0.0-alpha.3',
26 silly addNameRange     '4.15.0',
26 silly addNameRange     '5.0.0-alpha.4',
26 silly addNameRange     '4.15.1',
26 silly addNameRange     '4.15.2',
26 silly addNameRange     '5.0.0-alpha.5',
26 silly addNameRange     '4.15.3',
26 silly addNameRange     '4.15.4' ] ]
27 verbose addNamed [ 'express', '4.15.4' ]
28 verbose addNamed [ '4.15.4', '4.15.4' ]
29 silly lockFile dc1e5381-express-4-15-4 express@4.15.4
30 verbose lock express@4.15.4 /home/erdem/.npm/dc1e5381-express-4-15-4.lock
31 silly lockFile dc1e5381-express-4-15-4 express@4.15.4
32 silly lockFile dc1e5381-express-4-15-4 express@4.15.4
33 silly lockFile 64a534c1-express express@
34 silly lockFile 64a534c1-express express@
35 silly resolved [ { name: 'express',
35 silly resolved     description: 'Fast, unopinionated, minimalist web framework',
35 silly resolved     version: '4.15.4',
35 silly resolved     author: { name: 'TJ Holowaychuk', email: 'tj@vision-media.ca' },
35 silly resolved     contributors:
35 silly resolved      [ [Object],
35 silly resolved        [Object],
35 silly resolved        [Object],
35 silly resolved        [Object],
35 silly resolved        [Object],
35 silly resolved        [Object],
35 silly resolved        [Object] ],
35 silly resolved     license: 'MIT',
35 silly resolved     repository: { type: 'git', url: 'git://github.com/expressjs/express' },
35 silly resolved     homepage: 'http://expressjs.com/',
35 silly resolved     keywords:
35 silly resolved      [ 'express',
35 silly resolved        'framework',
35 silly resolved        'sinatra',
35 silly resolved        'web',
35 silly resolved        'rest',
35 silly resolved        'restful',
35 silly resolved        'router',
35 silly resolved        'app',
35 silly resolved        'api' ],
35 silly resolved     dependencies:
35 silly resolved      { accepts: '~1.3.3',
35 silly resolved        'array-flatten': '1.1.1',
35 silly resolved        'content-disposition': '0.5.2',
35 silly resolved        'content-type': '~1.0.2',
35 silly resolved        cookie: '0.3.1',
35 silly resolved        'cookie-signature': '1.0.6',
35 silly resolved        debug: '2.6.8',
35 silly resolved        depd: '~1.1.1',
35 silly resolved        encodeurl: '~1.0.1',
35 silly resolved        'escape-html': '~1.0.3',
35 silly resolved        etag: '~1.8.0',
35 silly resolved        finalhandler: '~1.0.4',
35 silly resolved        fresh: '0.5.0',
35 silly resolved        'merge-descriptors': '1.0.1',
35 silly resolved        methods: '~1.1.2',
35 silly resolved        'on-finished': '~2.3.0',
35 silly resolved        parseurl: '~1.3.1',
35 silly resolved        'path-to-regexp': '0.1.7',
35 silly resolved        'proxy-addr': '~1.1.5',
35 silly resolved        qs: '6.5.0',
35 silly resolved        'range-parser': '~1.2.0',
35 silly resolved        send: '0.15.4',
35 silly resolved        'serve-static': '1.12.4',
35 silly resolved        setprototypeof: '1.0.3',
35 silly resolved        statuses: '~1.3.1',
35 silly resolved        'type-is': '~1.6.15',
35 silly resolved        'utils-merge': '1.0.0',
35 silly resolved        vary: '~1.1.1' },
35 silly resolved     devDependencies:
35 silly resolved      { after: '0.8.2',
35 silly resolved        'body-parser': '1.17.2',
35 silly resolved        'cookie-parser': '~1.4.3',
35 silly resolved        'cookie-session': '1.3.0',
35 silly resolved        ejs: '2.5.7',
35 silly resolved        eslint: '2.13.1',
35 silly resolved        'express-session': '1.15.5',
35 silly resolved        hbs: '4.0.1',
35 silly resolved        istanbul: '0.4.5',
35 silly resolved        marked: '0.3.6',
35 silly resolved        'method-override': '2.3.9',
35 silly resolved        mocha: '3.5.0',
35 silly resolved        morgan: '1.8.2',
35 silly resolved        multiparty: '4.1.3',
35 silly resolved        'pbkdf2-password': '1.2.1',
35 silly resolved        should: '11.2.1',
35 silly resolved        supertest: '1.2.0',
35 silly resolved        'connect-redis': '~2.4.1',
35 silly resolved        vhost: '~3.0.2' },
35 silly resolved     engines: { node: '>= 0.10.0' },
35 silly resolved     files: [ 'LICENSE', 'History.md', 'Readme.md', 'index.js', 'lib/' ],
35 silly resolved     scripts:
35 silly resolved      { lint: 'eslint .',
35 silly resolved        test: 'mocha --require test/support/env --reporter spec --bail --check-leaks test/ test/acceptance/',
35 silly resolved        'test-ci': 'istanbul cover node_modules/mocha/bin/_mocha --report lcovonly -- --require test/support/env --reporter spec --check-leaks test/ test/acceptance/',
35 silly resolved        'test-cov': 'istanbul cover node_modules/mocha/bin/_mocha -- --require test/support/env --reporter dot --check-leaks test/ test/acceptance/',
35 silly resolved        'test-tap': 'mocha --require test/support/env --reporter tap --check-leaks test/ test/acceptance/' },
35 silly resolved     readme: '[![Express Logo](https://i.cloudup.com/zfY6lL7eFa-3000x3000.png)](http://expressjs.com/)\n\n  Fast, unopinionated, minimalist web framework for [node](http://nodejs.org).\n\n  [![NPM Version][npm-image]][npm-url]\n  [![NPM Downloads][downloads-image]][downloads-url]\n  [![Linux Build][travis-image]][travis-url]\n  [![Windows Build][appveyor-image]][appveyor-url]\n  [![Test Coverage][coveralls-image]][coveralls-url]\n\n```js\nvar express = require(\'express\')\nvar app = express()\n\napp.get(\'/\', function (req, res) {\n  res.send(\'Hello World\')\n})\n\napp.listen(3000)\n```\n\n## Installation\n\n```bash\n$ npm install express\n```\n\n## Features\n\n  * Robust routing\n  * Focus on high performance\n  * Super-high test coverage\n  * HTTP helpers (redirection, caching, etc)\n  * View system supporting 14+ template engines\n  * Content negotiation\n  * Executable for generating applications quickly\n\n## Docs & Community\n\n  * [Website and Documentation](http://expressjs.com/) - [[website repo](https://github.com/expressjs/expressjs.com)]\n  * [#express](https://webchat.freenode.net/?channels=express) on freenode IRC\n  * [GitHub Organization](https://github.com/expressjs) for Official Middleware & Modules\n  * Visit the [Wiki](https://github.com/expressjs/express/wiki)\n  * [Google Group](https://groups.google.com/group/express-js) for discussion\n  * [Gitter](https://gitter.im/expressjs/express) for support and discussion\n\n**PROTIP** Be sure to read [Migrating from 3.x to 4.x](https://github.com/expressjs/express/wiki/Migrating-from-3.x-to-4.x) as well as [New features in 4.x](https://github.com/expressjs/express/wiki/New-features-in-4.x).\n\n### Security Issues\n\nIf you discover a security vulnerability in Express, please see [Security Policies and Procedures](Security.md).\n\n## Quick Start\n\n  The quickest way to get started with express is to utilize the executable [`express(1)`](https://github.com/expressjs/generator) to generate an application as shown below:\n\n  Install the executable. The executable\'s major version will match Express\'s:\n\n```bash\n$ npm install -g express-generator@4\n```\n\n  Create the app:\n\n```bash\n$ express /tmp/foo && cd /tmp/foo\n```\n\n  Install dependencies:\n\n```bash\n$ npm install\n```\n\n  Start the server:\n\n```bash\n$ npm start\n```\n\n## Philosophy\n\n  The Express philosophy is to provide small, robust tooling for HTTP servers, making\n  it a great solution for single page applications, web sites, hybrids, or public\n  HTTP APIs.\n\n  Express does not force you to use any specific ORM or template engine. With support for over\n  14 template engines via [Consolidate.js](https://github.com/tj/consolidate.js),\n  you can quickly craft your perfect framework.\n\n## Examples\n\n  To view the examples, clone the Express repo and install the dependencies:\n\n```bash\n$ git clone git://github.com/expressjs/express.git --depth 1\n$ cd express\n$ npm install\n```\n\n  Then run whichever example you want:\n\n```bash\n$ node examples/content-negotiation\n```\n\n## Tests\n\n  To run the test suite, first install the dependencies, then run `npm test`:\n\n```bash\n$ npm install\n$ npm test\n```\n\n## People\n\nThe original author of Express is [TJ Holowaychuk](https://github.com/tj) [![TJ\'s Gratipay][gratipay-image-visionmedia]][gratipay-url-visionmedia]\n\nThe current lead maintainer is [Douglas Christopher Wilson](https://github.com/dougwilson) [![Doug\'s Gratipay][gratipay-image-dougwilson]][gratipay-url-dougwilson]\n\n[List of all contributors](https://github.com/expressjs/express/graphs/contributors)\n\n## License\n\n  [MIT](LICENSE)\n\n[npm-image]: https://img.shields.io/npm/v/express.svg\n[npm-url]: https://npmjs.org/package/express\n[downloads-image]: https://img.shields.io/npm/dm/express.svg\n[downloads-url]: https://npmjs.org/package/express\n[travis-image]: https://img.shields.io/travis/expressjs/express/master.svg?label=linux\n[travis-url]: https://travis-ci.org/expressjs/express\n[appveyor-image]: https://img.shields.io/appveyor/ci/dougwilson/express/master.svg?label=windows\n[appveyor-url]: https://ci.appveyor.com/project/dougwilson/express\n[coveralls-image]: https://img.shields.io/coveralls/expressjs/express/master.svg\n[coveralls-url]: https://coveralls.io/r/expressjs/express?branch=master\n[gratipay-image-visionmedia]: https://img.shields.io/gratipay/visionmedia.svg\n[gratipay-url-visionmedia]: https://gratipay.com/visionmedia/\n[gratipay-image-dougwilson]: https://img.shields.io/gratipay/dougwilson.svg\n[gratipay-url-dougwilson]: https://gratipay.com/dougwilson/\n',
35 silly resolved     readmeFilename: 'Readme.md',
35 silly resolved     bugs: { url: 'https://github.com/expressjs/express/issues' },
35 silly resolved     _id: 'express@4.15.4',
35 silly resolved     _from: 'express@' } ]
36 info install express@4.15.4 into /usr/local/lib
37 info installOne express@4.15.4
38 info /usr/local/lib/node_modules/express unbuild
39 verbose tar unpack /home/erdem/.npm/express/4.15.4/package.tgz
40 silly lockFile 365ba7ad-r-local-lib-node-modules-express tar:///usr/local/lib/node_modules/express
41 verbose lock tar:///usr/local/lib/node_modules/express /home/erdem/.npm/365ba7ad-r-local-lib-node-modules-express.lock
42 silly lockFile e65dcec3-m-npm-express-4-15-4-package-tgz tar:///home/erdem/.npm/express/4.15.4/package.tgz
43 verbose lock tar:///home/erdem/.npm/express/4.15.4/package.tgz /home/erdem/.npm/e65dcec3-m-npm-express-4-15-4-package-tgz.lock
44 silly gunzTarPerm modes [ '755', '644' ]
45 error Error: EACCES, mkdir '/usr/local/lib/node_modules/express'
45 error  { [Error: EACCES, mkdir '/usr/local/lib/node_modules/express']
45 error   errno: 3,
45 error   code: 'EACCES',
45 error   path: '/usr/local/lib/node_modules/express',
45 error   fstream_type: 'Directory',
45 error   fstream_path: '/usr/local/lib/node_modules/express',
45 error   fstream_class: 'DirWriter',
45 error   fstream_stack:
45 error    [ '/usr/lib/nodejs/fstream/lib/dir-writer.js:36:23',
45 error      '/usr/lib/nodejs/mkdirp/index.js:37:53',
45 error      'Object.oncomplete (fs.js:107:15)' ] }
46 error Please try running this command again as root/Administrator.
47 error System Linux 3.19.0-80-generic
48 error command "/usr/bin/nodejs" "/usr/bin/npm" "install" "--save" "express" "-g"
49 error cwd /home/erdem/Desktop/nodeapps
50 error node -v v0.10.25
51 error npm -v 1.3.10
52 error path /usr/local/lib/node_modules/express
53 error fstream_path /usr/local/lib/node_modules/express
54 error fstream_type Directory
55 error fstream_class DirWriter
56 error code EACCES
57 error errno 3
58 error stack Error: EACCES, mkdir '/usr/local/lib/node_modules/express'
59 error fstream_stack /usr/lib/nodejs/fstream/lib/dir-writer.js:36:23
59 error fstream_stack /usr/lib/nodejs/mkdirp/index.js:37:53
59 error fstream_stack Object.oncomplete (fs.js:107:15)
60 verbose exit [ 3, true ]
